Build started 12/27/2018 12:37:43 PM.
     1>Project "C:\Users\khaled160114\Desktop\Hangman Final Project\Project.vcxproj" on node 2 (Build target(s)).
     1>_MASM:
         Assembling main.asm...
         cmd.exe /C "C:\Users\khaled160114\AppData\Local\Temp\tmp071f7516b0b44eaaa21a9eaddf5ea8f2.cmd"
         ml.exe /c /nologo /Zi /Fo"Release\main.obj" /W3 /errorReport:prompt  /Tamain.asm
       Link:
         C:\Program Files (x86)\Microsoft Visual Studio 14.0\VC\bin\link.exe /ERRORREPORT:PROMPT /OUT:"C:\Users\khaled160114\Desktop\Hangman Final Project\Release\Project.exe" /NOLOGO kernel32.lib user32.lib gdi32.lib winspool.lib comdlg32.lib advapi32.lib shell32.lib ole32.lib oleaut32.lib uuid.lib odbc32.lib odbccp32.lib /MANIFEST /MANIFESTUAC:"level='asInvoker' uiAccess='false'" /manifest:embed /DEBUG /PDB:"C:\Users\khaled160114\Desktop\Hangman Final Project\Release\Project.pdb" /TLBID:1 /DYNAMICBASE /NXCOMPAT /IMPLIB:"C:\Users\khaled160114\Desktop\Hangman Final Project\Release\Project.lib" /MACHINE:X86 /SAFESEH Release\main.obj
     1>main.obj : error LNK2026: module unsafe for SAFESEH image.
     1>LINK : fatal error LNK1221: a subsystem can't be inferred and must be defined
     1>Done Building Project "C:\Users\khaled160114\Desktop\Hangman Final Project\Project.vcxproj" (Build target(s)) -- FAILED.

Build FAILED.

Time Elapsed 00:00:00.66
